[debug] [2021-11-22T01:14:30.878Z] ----------------------------------------------------------------------
[debug] [2021-11-22T01:14:30.880Z] Command:       /usr/local/bin/firebase /Users/josuerojas/.cache/firebase/tools/lib/node_modules/firebase-tools/lib/bin/firebase deploy
[debug] [2021-11-22T01:14:30.880Z] CLI Version:   9.23.0
[debug] [2021-11-22T01:14:30.880Z] Platform:      darwin
[debug] [2021-11-22T01:14:30.880Z] Node Version:  v12.18.1
[debug] [2021-11-22T01:14:30.883Z] Time:          Sun Nov 21 2021 20:14:30 GMT-0500 (Eastern Standard Time)
[debug] [2021-11-22T01:14:30.883Z] ----------------------------------------------------------------------
[debug] 
[debug] [2021-11-22T01:14:30.927Z] > command requires scopes: ["email","openid","https://www.googleapis.com/auth/cloudplatformprojects.readonly","https://www.googleapis.com/auth/firebase","https://www.googleapis.com/auth/cloud-platform"]
[debug] [2021-11-22T01:14:30.928Z] > authorizing via signed-in user (josuerojas.rojas@gmail.com)
[debug] [2021-11-22T01:14:30.928Z] [iam] checking project pelhamparkwaylittlelibrary for permissions ["firebase.projects.get","firebasedatabase.instances.update","firebasehosting.sites.update"]
[debug] [2021-11-22T01:14:30.930Z] >>> HTTP REQUEST POST https://cloudresourcemanager.googleapis.com/v1/projects/pelhamparkwaylittlelibrary:testIamPermissions  
 {"permissions":["firebase.projects.get","firebasedatabase.instances.update","firebasehosting.sites.update"]}
[debug] [2021-11-22T01:14:31.198Z] <<< HTTP RESPONSE 200 {"content-type":"application/json; charset=UTF-8","vary":"X-Origin, Referer, Origin,Accept-Encoding","date":"Mon, 22 Nov 2021 01:14:31 GMT","server":"ESF","cache-control":"private","x-xss-protection":"0","x-frame-options":"SAMEORIGIN","x-content-type-options":"nosniff","server-timing":"gfet4t7; dur=124","alt-svc":"h3=\":443\"; ma=2592000,h3-29=\":443\"; ma=2592000,h3-Q050=\":443\"; ma=2592000,h3-Q046=\":443\"; ma=2592000,h3-Q043=\":443\"; ma=2592000,quic=\":443\"; ma=2592000; v=\"46,43\"","accept-ranges":"none","transfer-encoding":"chunked"}
[debug] [2021-11-22T01:14:31.202Z] > refreshing access token with scopes: []
[debug] [2021-11-22T01:14:31.202Z] >>> HTTP REQUEST POST https://www.googleapis.com/oauth2/v3/token  
 <request body omitted>
[debug] [2021-11-22T01:14:31.359Z] <<< HTTP RESPONSE 200 {"cache-control":"no-cache, no-store, max-age=0, must-revalidate","date":"Mon, 22 Nov 2021 01:14:31 GMT","expires":"Mon, 01 Jan 1990 00:00:00 GMT","pragma":"no-cache","content-type":"application/json; charset=utf-8","vary":"X-Origin, Referer, Origin,Accept-Encoding","server":"scaffolding on HTTPServer2","x-xss-protection":"0","x-frame-options":"SAMEORIGIN","x-content-type-options":"nosniff","alt-svc":"h3=\":443\"; ma=2592000,h3-29=\":443\"; ma=2592000,h3-Q050=\":443\"; ma=2592000,h3-Q046=\":443\"; ma=2592000,h3-Q043=\":443\"; ma=2592000,quic=\":443\"; ma=2592000; v=\"46,43\"","accept-ranges":"none","transfer-encoding":"chunked"}
[debug] [2021-11-22T01:14:31.412Z] >>> [apiv2][query] GET https://firebase.googleapis.com/v1beta1/projects/pelhamparkwaylittlelibrary [none]
[debug] [2021-11-22T01:14:31.785Z] <<< [apiv2][status] GET https://firebase.googleapis.com/v1beta1/projects/pelhamparkwaylittlelibrary 200
[debug] [2021-11-22T01:14:31.785Z] <<< [apiv2][body] GET https://firebase.googleapis.com/v1beta1/projects/pelhamparkwaylittlelibrary {"projectId":"pelhamparkwaylittlelibrary","projectNumber":"952032179645","displayName":"pelhamparkwaylittlelibrary","name":"projects/pelhamparkwaylittlelibrary","resources":{"hostingSite":"pelhamparkwaylittlelibrary","realtimeDatabaseInstance":"pelhamparkwaylittlelibrary-default-rtdb"},"state":"ACTIVE"}
[debug] [2021-11-22T01:14:31.786Z] >>> [apiv2][query] GET https://firebase.googleapis.com/v1beta1/projects/pelhamparkwaylittlelibrary [none]
[debug] [2021-11-22T01:14:31.991Z] <<< [apiv2][status] GET https://firebase.googleapis.com/v1beta1/projects/pelhamparkwaylittlelibrary 200
[debug] [2021-11-22T01:14:31.992Z] <<< [apiv2][body] GET https://firebase.googleapis.com/v1beta1/projects/pelhamparkwaylittlelibrary {"projectId":"pelhamparkwaylittlelibrary","projectNumber":"952032179645","displayName":"pelhamparkwaylittlelibrary","name":"projects/pelhamparkwaylittlelibrary","resources":{"hostingSite":"pelhamparkwaylittlelibrary","realtimeDatabaseInstance":"pelhamparkwaylittlelibrary-default-rtdb"},"state":"ACTIVE"}
[info] 
[info] === Deploying to 'pelhamparkwaylittlelibrary'...
[info] 
[info] i  deploying database, hosting 
[info] i  database: checking rules syntax... 
[debug] [2021-11-22T01:14:31.999Z] > refreshing access token with scopes: ["email","https://www.googleapis.com/auth/cloud-platform","https://www.googleapis.com/auth/cloudplatformprojects.readonly","https://www.googleapis.com/auth/firebase","openid"]
[debug] [2021-11-22T01:14:31.999Z] >>> HTTP REQUEST POST https://www.googleapis.com/oauth2/v3/token  
 <request body omitted>
[debug] [2021-11-22T01:14:32.138Z] <<< HTTP RESPONSE 200 {"cache-control":"no-cache, no-store, max-age=0, must-revalidate","expires":"Mon, 01 Jan 1990 00:00:00 GMT","date":"Mon, 22 Nov 2021 01:14:32 GMT","pragma":"no-cache","content-type":"application/json; charset=utf-8","vary":"X-Origin, Referer, Origin,Accept-Encoding","server":"scaffolding on HTTPServer2","x-xss-protection":"0","x-frame-options":"SAMEORIGIN","x-content-type-options":"nosniff","alt-svc":"h3=\":443\"; ma=2592000,h3-29=\":443\"; ma=2592000,h3-Q050=\":443\"; ma=2592000,h3-Q046=\":443\"; ma=2592000,h3-Q043=\":443\"; ma=2592000,quic=\":443\"; ma=2592000; v=\"46,43\"","accept-ranges":"none","transfer-encoding":"chunked"}
[debug] [2021-11-22T01:14:32.181Z] >>> HTTP REQUEST GET https://firebasedatabase.googleapis.com/v1beta/projects/pelhamparkwaylittlelibrary/locations/-/instances/pelhamparkwaylittlelibrary-default-rtdb  
 
